#
# There is insufficient memory for the Java Runtime Environment to continue.
# Native memory allocation (malloc) failed to allocate 1493312 bytes for Chunk::new
# Possible reasons:
#   The system is out of physical RAM or swap space
#   In 32 bit mode, the process size limit was hit
# Possible solutions:
#   Reduce memory load on the system
#   Increase physical memory or swap space
#   Check if swap backing store is full
#   Use 64 bit Java on a 64 bit OS
#   Decrease Java heap size (-Xmx/-Xms)
#   Decrease number of Java threads
#   Decrease Java thread stack sizes (-Xss)
#   Set larger code cache with -XX:ReservedCodeCacheSize=
# This output file may be truncated or incomplete.
#
#  Out of Memory Error (allocation.cpp:390), pid=1456, tid=0x0000000000003d30
#
# JRE version: OpenJDK Runtime Environment (8.0_152-b02) (build 1.8.0_152-release-1024-b02)
# Java VM: OpenJDK 64-Bit Server VM (25.152-b02 mixed mode windows-amd64 compressed oops)
# Failed to write core dump. Minidumps are not enabled by default on client versions of Windows
#

---------------  T H R E A D  ---------------

Current thread (0x00000000160fb000):  JavaThread "C2 CompilerThread0" daemon [_thread_in_native, id=15664, stack(0x0000000017760000,0x0000000017860000)]

Stack: [0x0000000017760000,0x0000000017860000]
[error occurred during error reporting (printing stack bounds), id 0xc0000005]

Native frames: (J=compiled Java code, j=interpreted, Vv=VM code, C=native code)


Current CompileTask:
C2:  58897 10849       4       org.objectweb.asm.ClassReader::a (3351 bytes)


---------------  P R O C E S S  ---------------

Java Threads: ( => current thread )
  0x00000000197d3800 JavaThread "ForkJoinPool.commonPool-worker-3" daemon [_thread_in_native, id=8816, stack(0x0000000024080000,0x0000000024180000)]
  0x000000001d577800 JavaThread "ForkJoinPool.commonPool-worker-2" daemon [_thread_blocked, id=9728, stack(0x0000000023f80000,0x0000000024080000)]
  0x00000000197d2800 JavaThread "ForkJoinPool.commonPool-worker-1" daemon [_thread_blocked, id=5976, stack(0x0000000023e80000,0x0000000023f80000)]
  0x00000000197cf800 JavaThread "Cache worker for Java compile cache (C:\Users\phamf\Desktop\ChemicalApp\.gradle\4.4\javaCompile)" [_thread_blocked, id=12564, stack(0x0000000023d80000,0x0000000023e80000)]
  0x00000000197ce000 JavaThread "Task worker for ':' Thread 3" [_thread_blocked, id=3780, stack(0x0000000021d80000,0x0000000021e80000)]
  0x00000000197c6800 JavaThread "Task worker for ':' Thread 2" [_thread_blocked, id=12140, stack(0x0000000021c80000,0x0000000021d80000)]
  0x00000000197cd800 JavaThread "Task worker for ':'" [_thread_blocked, id=12468, stack(0x0000000021b80000,0x0000000021c80000)]
  0x00000000197c5000 JavaThread "Cache worker for Build Output Cleanup Cache (C:\Users\phamf\Desktop\ChemicalApp\.gradle\buildOutputCleanup)" [_thread_blocked, id=10448, stack(0x0000000021a80000,0x0000000021b80000)]
  0x00000000197cb000 JavaThread "Cache worker for task history cache (C:\Users\phamf\Desktop\ChemicalApp\.gradle\4.4\taskHistory)" [_thread_blocked, id=7996, stack(0x0000000021980000,0x0000000021a80000)]
  0x00000000197ca800 JavaThread "Cache worker for file content cache (C:\Users\phamf\Desktop\ChemicalApp\.gradle\4.4\fileContent)" [_thread_blocked, id=5236, stack(0x0000000020c00000,0x0000000020d00000)]
  0x00000000197cc000 JavaThread "Memory manager" [_thread_blocked, id=17776, stack(0x0000000020900000,0x0000000020a00000)]
  0x00000000197c9000 JavaThread "build operations Thread 4" [_thread_blocked, id=15548, stack(0x0000000020200000,0x0000000020300000)]
  0x00000000197c8000 JavaThread "build operations Thread 3" [_thread_blocked, id=1268, stack(0x0000000020100000,0x0000000020200000)]
  0x00000000197c6000 JavaThread "build operations Thread 2" [_thread_blocked, id=9260, stack(0x0000000020000000,0x0000000020100000)]
  0x000000001d578800 JavaThread "build operations" [_thread_blocked, id=17712, stack(0x000000001e7a0000,0x000000001e8a0000)]
  0x000000001d57a800 JavaThread "Cache worker for Artifact transforms cache (C:\Users\phamf\.gradle\caches\transforms-1)" [_thread_blocked, id=13748, stack(0x000000001e2b0000,0x000000001e3b0000)]
  0x00000000190d2800 JavaThread "Cache worker for file hash cache (C:\Users\phamf\Desktop\ChemicalApp\.gradle\4.4\fileHashes)" [_thread_blocked, id=9076, stack(0x000000001bd80000,0x000000001be80000)]
  0x0000000019106000 JavaThread "File lock request listener" [_thread_in_native, id=1736, stack(0x000000001acb0000,0x000000001adb0000)]
  0x0000000018ef9000 JavaThread "Cache worker for file hash cache (C:\Users\phamf\.gradle\caches\4.4\fileHashes)" [_thread_blocked, id=13396, stack(0x000000001abb0000,0x000000001acb0000)]
  0x0000000018e59000 JavaThread "Stdin handler" [_thread_blocked, id=9428, stack(0x000000001a8b0000,0x000000001a9b0000)]
  0x0000000018e58000 JavaThread "Asynchronous log dispatcher for DefaultDaemonConnection: socket connection from /127.0.0.1:51192 to /127.0.0.1:51193" [_thread_blocked, id=16440, stack(0x000000001a7b0000,0x000000001a8b0000)]
  0x0000000018e19000 JavaThread "Daemon worker" [_thread_blocked, id=7028, stack(0x000000001a6b0000,0x000000001a7b0000)]
  0x0000000018e18800 JavaThread "Cancel handler" [_thread_blocked, id=8292, stack(0x000000001a5b0000,0x000000001a6b0000)]
  0x0000000017d40000 JavaThread "Handler for socket connection from /127.0.0.1:51192 to /127.0.0.1:51193" [_thread_in_native, id=9104, stack(0x000000001a2b0000,0x000000001a3b0000)]
  0x0000000018df5000 JavaThread "Daemon" [_thread_blocked, id=9344, stack(0x000000001a1b0000,0x000000001a2b0000)]
  0x00000000191a6800 JavaThread "Daemon periodic checks" [_thread_blocked, id=14144, stack(0x000000001a0b0000,0x000000001a1b0000)]
  0x00000000191c2000 JavaThread "Incoming local TCP Connector on port 51192" [_thread_in_native, id=7540, stack(0x0000000019e70000,0x0000000019f70000)]
  0x0000000017a78800 JavaThread "Service Thread" daemon [_thread_blocked, id=14412, stack(0x0000000017e60000,0x0000000017f60000)]
  0x0000000016104800 JavaThread "C1 CompilerThread2" daemon [_thread_blocked, id=13848, stack(0x0000000017960000,0x0000000017a60000)]
  0x0000000016101000 JavaThread "C2 CompilerThread1" daemon [_thread_blocked, id=4604, stack(0x0000000017860000,0x0000000017960000)]
=>0x00000000160fb000 JavaThread "C2 CompilerThread0" daemon [_thread_in_native, id=15664, stack(0x0000000017760000,0x0000000017860000)]
  0x00000000160f9800 JavaThread "Attach Listener" daemon [_thread_blocked, id=8476, stack(0x0000000017660000,0x0000000017760000)]
  0x00000000160f8800 JavaThread "Signal Dispatcher" daemon [_thread_blocked, id=9876, stack(0x0000000017560000,0x0000000017660000)]
  0x000000000278c000 JavaThread "Finalizer" daemon [_thread_blocked, id=15444, stack(0x0000000017370000,0x0000000017470000)]
  0x0000000002781000 JavaThread "Reference Handler" daemon [_thread_blocked, id=18184, stack(0x0000000017270000,0x0000000017370000)]
  0x0000000000c0e800 JavaThread "main" [_thread_blocked, id=18392, stack(0x00000000024f0000,0x00000000025f0000)]

Other Threads:
  0x00000000160c5800 VMThread [stack: 0x0000000017170000,0x0000000017270000] [id=17196]
  0x000000001615b800 WatcherThread [stack: 0x0000000017f60000,0x0000000018060000] [id=4668]

VM state:not at safepoint (normal execution)

VM Mutex/Monitor currently owned by a thread: None

Heap:
 PSYoungGen      total 196608K, used 175212K [0x00000000e0000000, 0x00000000ef400000, 0x0000000100000000)
  eden space 173056K, 87% used [0x00000000e0000000,0x00000000e941caf0,0x00000000ea900000)
  from space 23552K, 99% used [0x00000000edd00000,0x00000000ef3fe908,0x00000000ef400000)
  to   space 23552K, 0% used [0x00000000ea900000,0x00000000ea900000,0x00000000ec000000)
 ParOldGen       total 152576K, used 49673K [0x00000000a0000000, 0x00000000a9500000, 0x00000000e0000000)
  object space 152576K, 32% used [0x00000000a0000000,0x00000000a3082420,0x00000000a9500000)
 Metaspace       used 66055K, capacity 68154K, committed 68312K, reserved 1107968K
  class space    used 8709K, capacity 9170K, committed 9216K, reserved 1048576K

Card table byte_map: [0x0000000011b50000,0x0000000011e60000] byte_map_base: 0x0000000011650000

Marking Bits: (ParMarkBitMap*) 0x0000000050824970
 Begin Bits: [0x0000000012460000, 0x0000000013c60000)
 End Bits:   [0x0000000013c60000, 0x0000000015460000)

Polling page: 0x0000000000bd0000

CodeCache: size=245760Kb used=30742Kb max_used=32839Kb free=215017Kb
 bounds [0x0000000002790000, 0x0000000004800000, 0x0000000011790000]
 total_blobs=9591 nmethods=8788 adapters=715
 compilation: enabled

Compilation events (10 events):
Event: 58.584 Thread 0x0000000016104800 nmethod 10950 0x0000000004011310 code [0x0000000004011480, 0x00000000040116e8]
Event: 58.584 Thread 0x0000000016104800 10951       3       com.android.build.gradle.internal.incremental.IncrementalSupportVisitor$ISAbstractMethodVisitor::redirectAt (42 bytes)
Event: 58.584 Thread 0x0000000016104800 nmethod 10951 0x0000000003aa4a50 code [0x0000000003aa4c00, 0x0000000003aa51c8]
Event: 58.585 Thread 0x0000000016104800 10954       3       org.objectweb.asm.ClassWriter::a (313 bytes)
Event: 58.585 Thread 0x0000000016101000 nmethod 10949 0x0000000003964b50 code [0x0000000003964c80, 0x0000000003964d18]
Event: 58.586 Thread 0x0000000016101000 10953       4       org.objectweb.asm.MethodWriter::visitInsn (106 bytes)
Event: 58.587 Thread 0x0000000016104800 nmethod 10954 0x0000000002d4ef90 code [0x0000000002d4f440, 0x0000000002d53128]
Event: 58.598 Thread 0x0000000016101000 nmethod 10953 0x00000000038b99d0 code [0x00000000038b9b40, 0x00000000038b9ed8]
Event: 58.598 Thread 0x0000000016101000 10952       4       com.google.common.collect.AbstractMapBasedMultimap::put (92 bytes)
Event: 58.660 Thread 0x0000000016101000 nmethod 10952 0x0000000004121790 code [0x0000000004121a60, 0x0000000004123b60]

GC Heap History (10 events):
Event: 23.166 GC heap before
{Heap before GC invocations=11 (full 2):
 PSYoungGen      total 162304K, used 162288K [0x00000000e0000000, 0x00000000ec500000, 0x0000000100000000)
  eden space 150016K, 100% used [0x00000000e0000000,0x00000000e9280000,0x00000000e9280000)
  from space 12288K, 99% used [0x00000000ea000000,0x00000000eabfc208,0x00000000eac00000)
  to   space 13824K, 0% used [0x00000000e9280000,0x00000000e9280000,0x00000000ea000000)
 ParOldGen       total 101376K, used 19102K [0x00000000a0000000, 0x00000000a6300000, 0x00000000e0000000)
  object space 101376K, 18% used [0x00000000a0000000,0x00000000a12a7a00,0x00000000a6300000)
 Metaspace       used 49129K, capacity 50528K, committed 50648K, reserved 1093632K
  class space    used 6692K, capacity 7067K, committed 7168K, reserved 1048576K
Event: 23.195 GC heap after
Heap after GC invocations=11 (full 2):
 PSYoungGen      total 163840K, used 13810K [0x00000000e0000000, 0x00000000ed000000, 0x0000000100000000)
  eden space 150016K, 0% used [0x00000000e0000000,0x00000000e0000000,0x00000000e9280000)
  from space 13824K, 99% used [0x00000000e9280000,0x00000000e9ffca60,0x00000000ea000000)
  to   space 16384K, 0% used [0x00000000ec000000,0x00000000ec000000,0x00000000ed000000)
 ParOldGen       total 101376K, used 20570K [0x00000000a0000000, 0x00000000a6300000, 0x00000000e0000000)
  object space 101376K, 20% used [0x00000000a0000000,0x00000000a1416a70,0x00000000a6300000)
 Metaspace       used 49129K, capacity 50528K, committed 50648K, reserved 1093632K
  class space    used 6692K, capacity 7067K, committed 7168K, reserved 1048576K
}
Event: 30.685 GC heap before
{Heap before GC invocations=12 (full 2):
 PSYoungGen      total 163840K, used 163826K [0x00000000e0000000, 0x00000000ed000000, 0x0000000100000000)
  eden space 150016K, 100% used [0x00000000e0000000,0x00000000e9280000,0x00000000e9280000)
  from space 13824K, 99% used [0x00000000e9280000,0x00000000e9ffca60,0x00000000ea000000)
  to   space 16384K, 0% used [0x00000000ec000000,0x00000000ec000000,0x00000000ed000000)
 ParOldGen       total 101376K, used 20570K [0x00000000a0000000, 0x00000000a6300000, 0x00000000e0000000)
  object space 101376K, 20% used [0x00000000a0000000,0x00000000a1416a70,0x00000000a6300000)
 Metaspace       used 55449K, capacity 57064K, committed 57432K, reserved 1099776K
  class space    used 7551K, capacity 7949K, committed 8064K, reserved 1048576K
Event: 30.732 GC heap after
Heap after GC invocations=12 (full 2):
 PSYoungGen      total 189440K, used 16382K [0x00000000e0000000, 0x00000000edd00000, 0x0000000100000000)
  eden space 173056K, 0% used [0x00000000e0000000,0x00000000e0000000,0x00000000ea900000)
  from space 16384K, 99% used [0x00000000ec000000,0x00000000ecfffbc8,0x00000000ed000000)
  to   space 23552K, 0% used [0x00000000ea900000,0x00000000ea900000,0x00000000ec000000)
 ParOldGen       total 101376K, used 34910K [0x00000000a0000000, 0x00000000a6300000, 0x00000000e0000000)
  object space 101376K, 34% used [0x00000000a0000000,0x00000000a2217890,0x00000000a6300000)
 Metaspace       used 55449K, capacity 57064K, committed 57432K, reserved 1099776K
  class space    used 7551K, capacity 7949K, committed 8064K, reserved 1048576K
}
Event: 42.811 GC heap before
{Heap before GC invocations=13 (full 2):
 PSYoungGen      total 189440K, used 86823K [0x00000000e0000000, 0x00000000edd00000, 0x0000000100000000)
  eden space 173056K, 40% used [0x00000000e0000000,0x00000000e44ca0e8,0x00000000ea900000)
  from space 16384K, 99% used [0x00000000ec000000,0x00000000ecfffbc8,0x00000000ed000000)
  to   space 23552K, 0% used [0x00000000ea900000,0x00000000ea900000,0x00000000ec000000)
 ParOldGen       total 101376K, used 34910K [0x00000000a0000000, 0x00000000a6300000, 0x00000000e0000000)
  object space 101376K, 34% used [0x00000000a0000000,0x00000000a2217890,0x00000000a6300000)
 Metaspace       used 57167K, capacity 58952K, committed 59028K, reserved 1099776K
  class space    used 7744K, capacity 8179K, committed 8192K, reserved 1048576K
Event: 42.839 GC heap after
Heap after GC invocations=13 (full 2):
 PSYoungGen      total 196608K, used 13524K [0x00000000e0000000, 0x00000000ef400000, 0x0000000100000000)
  eden space 173056K, 0% used [0x00000000e0000000,0x00000000e0000000,0x00000000ea900000)
  from space 23552K, 57% used [0x00000000ea900000,0x00000000eb635318,0x00000000ec000000)
  to   space 23552K, 0% used [0x00000000edd00000,0x00000000edd00000,0x00000000ef400000)
 ParOldGen       total 101376K, used 40218K [0x00000000a0000000, 0x00000000a6300000, 0x00000000e0000000)
  object space 101376K, 39% used [0x00000000a0000000,0x00000000a2746b80,0x00000000a6300000)
 Metaspace       used 57167K, capacity 58952K, committed 59028K, reserved 1099776K
  class space    used 7744K, capacity 8179K, committed 8192K, reserved 1048576K
}
Event: 42.839 GC heap before
{Heap before GC invocations=14 (full 3):
 PSYoungGen      total 196608K, used 13524K [0x00000000e0000000, 0x00000000ef400000, 0x0000000100000000)
  eden space 173056K, 0% used [0x00000000e0000000,0x00000000e0000000,0x00000000ea900000)
  from space 23552K, 57% used [0x00000000ea900000,0x00000000eb635318,0x00000000ec000000)
  to   space 23552K, 0% used [0x00000000edd00000,0x00000000edd00000,0x00000000ef400000)
 ParOldGen       total 101376K, used 40218K [0x00000000a0000000, 0x00000000a6300000, 0x00000000e0000000)
  object space 101376K, 39% used [0x00000000a0000000,0x00000000a2746b80,0x00000000a6300000)
 Metaspace       used 57167K, capacity 58952K, committed 59028K, reserved 1099776K
  class space    used 7744K, capacity 8179K, committed 8192K, reserved 1048576K
Event: 43.223 GC heap after
Heap after GC invocations=14 (full 3):
 PSYoungGen      total 196608K, used 0K [0x00000000e0000000, 0x00000000ef400000, 0x0000000100000000)
  eden space 173056K, 0% used [0x00000000e0000000,0x00000000e0000000,0x00000000ea900000)
  from space 23552K, 0% used [0x00000000ea900000,0x00000000ea900000,0x00000000ec000000)
  to   space 23552K, 0% used [0x00000000edd00000,0x00000000edd00000,0x00000000ef400000)
 ParOldGen       total 152576K, used 32574K [0x00000000a0000000, 0x00000000a9500000, 0x00000000e0000000)
  object space 152576K, 21% used [0x00000000a0000000,0x00000000a1fcfb90,0x00000000a9500000)
 Metaspace       used 57167K, capacity 58952K, committed 59028K, reserved 1099776K
  class space    used 7744K, capacity 8179K, committed 8192K, reserved 1048576K
}
Event: 55.152 GC heap before
{Heap before GC invocations=15 (full 3):
 PSYoungGen      total 196608K, used 173056K [0x00000000e0000000, 0x00000000ef400000, 0x0000000100000000)
  eden space 173056K, 100% used [0x00000000e0000000,0x00000000ea900000,0x00000000ea900000)
  from space 23552K, 0% used [0x00000000ea900000,0x00000000ea900000,0x00000000ec000000)
  to   space 23552K, 0% used [0x00000000edd00000,0x00000000edd00000,0x00000000ef400000)
 ParOldGen       total 152576K, used 32574K [0x00000000a0000000, 0x00000000a9500000, 0x00000000e0000000)
  object space 152576K, 21% used [0x00000000a0000000,0x00000000a1fcfb90,0x00000000a9500000)
 Metaspace       used 63426K, capacity 65216K, committed 65368K, reserved 1105920K
  class space    used 8384K, capacity 8797K, committed 8832K, reserved 1048576K
Event: 55.217 GC heap after
Heap after GC invocations=15 (full 3):
 PSYoungGen      total 196608K, used 23546K [0x00000000e0000000, 0x00000000ef400000, 0x0000000100000000)
  eden space 173056K, 0% used [0x00000000e0000000,0x00000000e0000000,0x00000000ea900000)
  from space 23552K, 99% used [0x00000000edd00000,0x00000000ef3fe908,0x00000000ef400000)
  to   space 23552K, 0% used [0x00000000ea900000,0x00000000ea900000,0x00000000ec000000)
 ParOldGen       total 152576K, used 49673K [0x00000000a0000000, 0x00000000a9500000, 0x00000000e0000000)
  object space 152576K, 32% used [0x00000000a0000000,0x00000000a3082420,0x00000000a9500000)
 Metaspace       used 63426K, capacity 65216K, committed 65368K, reserved 1105920K
  class space    used 8384K, capacity 8797K, committed 8832K, reserved 1048576K
}

Deoptimization events (10 events):
Event: 57.668 Thread 0x00000000197ce000 Uncommon trap: reason=bimorphic action=maybe_recompile pc=0x0000000004034684 method=java.nio.charset.CharsetEncoder.encode(Ljava/nio/CharBuffer;Ljava/nio/ByteBuffer;Z)Ljava/nio/charset/CoderResult; @ 57
Event: 57.779 Thread 0x00000000197ce000 Uncommon trap: reason=unstable_if action=reinterpret pc=0x0000000003665f94 method=java.io.WinNTFileSystem.resolve(Ljava/lang/String;Ljava/lang/String;)Ljava/lang/String; @ 36
Event: 57.951 Thread 0x00000000197d3800 Uncommon trap: reason=unstable_if action=reinterpret pc=0x00000000034e8f20 method=java.util.zip.InflaterInputStream.read()I @ 15
Event: 57.975 Thread 0x00000000197d3800 Uncommon trap: reason=null_assert action=make_not_entrant pc=0x00000000029d6104 method=java.util.zip.ZipEntry.<init>(Ljava/util/zip/ZipEntry;)V @ 70
Event: 58.006 Thread 0x00000000197d2800 Uncommon trap: reason=unstable_if action=reinterpret pc=0x0000000003f6a87c method=org.objectweb.asm.ClassReader.a(II[C)Ljava/lang/String; @ 77
Event: 58.099 Thread 0x00000000197d3800 Uncommon trap: reason=class_check action=maybe_recompile pc=0x00000000034fd850 method=com.google.common.collect.ImmutableList.copyOf(Ljava/util/Collection;)Lcom/google/common/collect/ImmutableList; @ 35
Event: 58.099 Thread 0x00000000197d3800 Uncommon trap: reason=class_check action=maybe_recompile pc=0x00000000034fd850 method=com.google.common.collect.ImmutableList.copyOf(Ljava/util/Collection;)Lcom/google/common/collect/ImmutableList; @ 35
Event: 58.099 Thread 0x00000000197d3800 Uncommon trap: reason=class_check action=maybe_recompile pc=0x00000000034fd850 method=com.google.common.collect.ImmutableList.copyOf(Ljava/util/Collection;)Lcom/google/common/collect/ImmutableList; @ 35
Event: 58.099 Thread 0x00000000197d3800 Uncommon trap: reason=class_check action=maybe_recompile pc=0x00000000034fd850 method=com.google.common.collect.ImmutableList.copyOf(Ljava/util/Collection;)Lcom/google/common/collect/ImmutableList; @ 35
Event: 58.404 Thread 0x00000000197d2800 Uncommon trap: reason=unstable_if action=reinterpret pc=0x00000000041b3b28 method=org.objectweb.asm.Frame.c(I)V @ 5

Classes redefined (0 events):
No events

Internal exceptions (10 events):
Event: 32.872 Thread 0x00000000197cf800 Exception <a 'java/lang/NoSuchMethodError': java.lang.Object.lambda$negate$1(Ljava/lang/Object;)Z> (0x00000000e2451d68) thrown at [D:\src\AOSP-openjdk-cygwin\jdk8u\hotspot\src\share\vm\interpreter\linkResolver.cpp, line 584]
Event: 40.692 Thread 0x00000000197ce000 Exception <a 'java/lang/NoSuchMethodError': java.lang.Object.lambda$comparingInt$7b0bb60$1(Ljava/util/function/ToIntFunction;Ljava/lang/Object;Ljava/lang/Object;)I> (0x00000000e26cd4a0) thrown at [D:\src\AOSP-openjdk-cygwin\jdk8u\hotspot\src\share\vm\inte
Event: 41.024 Thread 0x00000000197ce000 Implicit null exception at 0x00000000031fa0fa to 0x00000000031fa4e1
Event: 41.024 Thread 0x00000000197ce000 Implicit null exception at 0x00000000028db29a to 0x00000000028db661
Event: 56.096 Thread 0x00000000197ce000 Exception <a 'java/lang/NoSuchMethodError': java.lang.Object.lambda$asRunnable$0(Lcom/android/apkzlib/utils/IOExceptionRunnable;)V> (0x00000000e2373ab0) thrown at [D:\src\AOSP-openjdk-cygwin\jdk8u\hotspot\src\share\vm\interpreter\linkResolver.cpp, line 58
Event: 56.126 Thread 0x00000000197ce000 Exception <a 'java/lang/ClassNotFoundException': org/gradle/api/plugins/JavaPluginConventionBeanInfo> (0x00000000e2451e08) thrown at [D:\src\AOSP-openjdk-cygwin\jdk8u\hotspot\src\share\vm\classfile\systemDictionary.cpp, line 210]
Event: 56.127 Thread 0x00000000197ce000 Exception <a 'java/lang/ClassNotFoundException': org/gradle/api/plugins/JavaPluginConventionCustomizer> (0x00000000e248b268) thrown at [D:\src\AOSP-openjdk-cygwin\jdk8u\hotspot\src\share\vm\classfile\systemDictionary.cpp, line 210]
Event: 56.184 Thread 0x00000000197ce000 Exception <a 'java/lang/NoSuchMethodError': java.lang.Object.lambda$comparing$ea9a8b3a$1(Ljava/util/Comparator;Ljava/util/function/Function;Ljava/lang/Object;Ljava/lang/Object;)I> (0x00000000e26a3870) thrown at [D:\src\AOSP-openjdk-cygwin\jdk8u\hotspot\sr
Event: 56.208 Thread 0x00000000197ce000 Exception <a 'java/lang/NoSuchMethodError': java.lang.Object.lambda$or$2(Ljava/util/function/Predicate;Ljava/lang/Object;)Z> (0x00000000e28c6370) thrown at [D:\src\AOSP-openjdk-cygwin\jdk8u\hotspot\src\share\vm\interpreter\linkResolver.cpp, line 584]
Event: 57.176 Thread 0x00000000197ce000 Exception <a 'java/lang/NoSuchMethodError': <clinit>> (0x00000000e751af68) thrown at [D:\src\AOSP-openjdk-cygwin\jdk8u\hotspot\src\share\vm\prims\jni.cpp, line 1613]

Events (10 events):
Event: 58.490 Executing VM operation: RevokeBias
Event: 58.490 Executing VM operation: RevokeBias done
Event: 58.492 Executing VM operation: RevokeBias
Event: 58.492 Executing VM operation: RevokeBias done
Event: 58.492 Executing VM operation: RevokeBias
Event: 58.493 Executing VM operation: RevokeBias done
Event: 58.581 Executing VM operation: RevokeBias
Event: 58.582 Executing VM operation: RevokeBias done
Event: 58.582 Executing VM operation: RevokeBias
Event: 58.582 Executing VM operation: RevokeBias done


Dynamic libraries:
0x00007ff7de450000 - 0x00007ff7de481000 	C:\Program Files\Android\Android Studio\jre\bin\java.exe
0x00007ff91aad0000 - 0x00007ff91acb1000 	C:\WINDOWS\SYSTEM32\ntdll.dll
0x00007ff919da0000 - 0x00007ff919e52000 	C:\WINDOWS\System32\KERNEL32.DLL
0x00007ff917040000 - 0x00007ff9172b3000 	C:\WINDOWS\System32\KERNELBASE.dll
0x00007ff919ed0000 - 0x00007ff919f71000 	C:\WINDOWS\System32\ADVAPI32.dll
0x00007ff91a160000 - 0x00007ff91a1fe000 	C:\WINDOWS\System32\msvcrt.dll
0x00007ff91a980000 - 0x00007ff91a9db000 	C:\WINDOWS\System32\sechost.dll
0x00007ff91a6a0000 - 0x00007ff91a7c4000 	C:\WINDOWS\System32\RPCRT4.dll
0x00007ff919fa0000 - 0x00007ff91a130000 	C:\WINDOWS\System32\USER32.dll
0x00007ff917360000 - 0x00007ff917380000 	C:\WINDOWS\System32\win32u.dll
0x00007ff919830000 - 0x00007ff919858000 	C:\WINDOWS\System32\GDI32.dll
0x00007ff916ea0000 - 0x00007ff917032000 	C:\WINDOWS\System32\gdi32full.dll
0x00007ff9172c0000 - 0x00007ff91735f000 	C:\WINDOWS\System32\msvcp_win.dll
0x00007ff9176f0000 - 0x00007ff9177ea000 	C:\WINDOWS\System32\ucrtbase.dll
0x00007ff90a480000 - 0x00007ff90a6e9000 	C:\WINDOWS\WinSxS\amd64_microsoft.windows.common-controls_6595b64144ccf1df_6.0.17134.112_none_fb3f961b30681c12\COMCTL32.dll
0x00007ff9180c0000 - 0x00007ff9183e3000 	C:\WINDOWS\System32\combase.dll
0x00007ff917380000 - 0x00007ff9173fa000 	C:\WINDOWS\System32\bcryptPrimitives.dll
0x00007ff91a130000 - 0x00007ff91a15d000 	C:\WINDOWS\System32\IMM32.DLL
0x0000000077e40000 - 0x0000000077f12000 	C:\Program Files\Android\Android Studio\jre\jre\bin\msvcr100.dll
0x0000000050060000 - 0x000000005089f000 	C:\Program Files\Android\Android Studio\jre\jre\bin\server\jvm.dll
0x00007ff91a9f0000 - 0x00007ff91a9f8000 	C:\WINDOWS\System32\PSAPI.DLL
0x00007ff912fc0000 - 0x00007ff912fc9000 	C:\WINDOWS\SYSTEM32\WSOCK32.dll
0x00007ff919e60000 - 0x00007ff919ecc000 	C:\WINDOWS\System32\WS2_32.dll
0x00007ff912850000 - 0x00007ff912873000 	C:\WINDOWS\SYSTEM32\WINMM.dll
0x00007ff9111b0000 - 0x00007ff9111ba000 	C:\WINDOWS\SYSTEM32\VERSION.dll
0x00007ff912820000 - 0x00007ff91284a000 	C:\WINDOWS\SYSTEM32\WINMMBASE.dll
0x00007ff9176a0000 - 0x00007ff9176e9000 	C:\WINDOWS\System32\cfgmgr32.dll
0x00007ff9125a0000 - 0x00007ff9125af000 	C:\Program Files\Android\Android Studio\jre\jre\bin\verify.dll
0x00007ff90dae0000 - 0x00007ff90db09000 	C:\Program Files\Android\Android Studio\jre\jre\bin\java.dll
0x00007ff9124c0000 - 0x00007ff9124d6000 	C:\Program Files\Android\Android Studio\jre\jre\bin\zip.dll
0x00007ff9183f0000 - 0x00007ff919830000 	C:\WINDOWS\System32\SHELL32.dll
0x00007ff91a270000 - 0x00007ff91a319000 	C:\WINDOWS\System32\shcore.dll
0x00007ff917850000 - 0x00007ff917f5d000 	C:\WINDOWS\System32\windows.storage.dll
0x00007ff91a7d0000 - 0x00007ff91a821000 	C:\WINDOWS\System32\shlwapi.dll
0x00007ff916e80000 - 0x00007ff916e91000 	C:\WINDOWS\System32\kernel.appcore.dll
0x00007ff916e60000 - 0x00007ff916e7f000 	C:\WINDOWS\System32\profapi.dll
0x00007ff916de0000 - 0x00007ff916e2c000 	C:\WINDOWS\System32\powrprof.dll
0x00007ff916e30000 - 0x00007ff916e3a000 	C:\WINDOWS\System32\FLTLIB.DLL
0x00007ff9111f0000 - 0x00007ff91120a000 	C:\Program Files\Android\Android Studio\jre\jre\bin\net.dll
0x00007ff916660000 - 0x00007ff9166c6000 	C:\WINDOWS\system32\mswsock.dll
0x00007ff90dd20000 - 0x00007ff90dd31000 	C:\Program Files\Android\Android Studio\jre\jre\bin\nio.dll
0x00007ff90dd70000 - 0x00007ff90dd8e000 	C:\Users\phamf\.gradle\native\25\windows-amd64\native-platform.dll
0x00007ff912510000 - 0x00007ff91251d000 	C:\Program Files\Android\Android Studio\jre\jre\bin\management.dll
0x00007ff916820000 - 0x00007ff916837000 	C:\WINDOWS\SYSTEM32\CRYPTSP.dll
0x00007ff916240000 - 0x00007ff916273000 	C:\WINDOWS\system32\rsaenh.dll
0x00007ff916940000 - 0x00007ff916965000 	C:\WINDOWS\SYSTEM32\bcrypt.dll
0x00007ff916ce0000 - 0x00007ff916d08000 	C:\WINDOWS\SYSTEM32\USERENV.dll
0x00007ff916810000 - 0x00007ff91681b000 	C:\WINDOWS\SYSTEM32\CRYPTBASE.dll
0x00007ff9163e0000 - 0x00007ff916418000 	C:\WINDOWS\SYSTEM32\IPHLPAPI.DLL
0x00007ff91a9e0000 - 0x00007ff91a9e8000 	C:\WINDOWS\System32\NSI.dll
0x00007ff910570000 - 0x00007ff910586000 	C:\WINDOWS\SYSTEM32\dhcpcsvc6.DLL
0x00007ff9104c0000 - 0x00007ff9104da000 	C:\WINDOWS\SYSTEM32\dhcpcsvc.DLL

VM Arguments:
jvm_args: -Xmx1536m -Dfile.encoding=windows-1252 -Duser.country=US -Duser.language=en -Duser.variant 
java_command: org.gradle.launcher.daemon.bootstrap.GradleDaemon 4.4
java_class_path (initial): C:\Users\phamf\.gradle\wrapper\dists\gradle-4.4-all\9br9xq1tocpiv8o6njlyu5op1\gradle-4.4\lib\gradle-launcher-4.4.jar
Launcher Type: SUN_STANDARD

Environment Variables:
JAVA_HOME=C:\Program Files\Java\jdk1.8.0_152
PATH=C:\Program Files\Java\jdk1.8.0_152\bin;C:\WINDOWS\system32;C:\WINDOWS;C:\WINDOWS\System32\Wbem;C:\WINDOWS\System32\WindowsPowerShell\v1.0\;C:\Program Files (x86)\GtkSharp\2.12\bin;C:\FPC\3.0.2\bin\i386-Win32;C:\Program Files (x86)\NVIDIA Corporation\PhysX\Common;C:\Program Files\Git\cmd;C:\WINDOWS\system32;C:\WINDOWS;C:\WINDOWS\System32\Wbem;C:\WINDOWS\System32\WindowsPowerShell\v1.0\;C:\WINDOWS\System32\OpenSSH\;C:\Program Files\Java\jdk1.8.0_152\bin;C:\Users\phamf\AppData\Local\Microsoft\WindowsApps;C:\Users\phamf\AppData\Local\GitHubDesktop\bin;C:\Program Files\Microsoft VS Code\bin;C:\Users\phamf\AppData\Local\Microsoft\WindowsApps;
USERNAME=phamf
OS=Windows_NT
PROCESSOR_IDENTIFIER=Intel64 Family 6 Model 142 Stepping 9, GenuineIntel



---------------  S Y S T E M  ---------------

OS: Windows 10.0 , 64 bit Build 17134 (10.0.17134.1)

CPU:total 4 (initial active 4) (2 cores per cpu, 2 threads per core) family 6 model 142 stepping 9, cmov, cx8, fxsr, mmx, sse, sse2, sse3, ssse3, sse4.1, sse4.2, popcnt, avx, avx2, aes, clmul, erms, 3dnowpref, lzcnt, ht, tsc, tscinvbit, bmi1, bmi2, adx

Memory: 4k page, physical 8253572k(368772k free), swap 16445572k(4868k free)

vm_info: OpenJDK 64-Bit Server VM (25.152-b02) for windows-amd64 JRE (1.8.0_152-release-1024-b02), built by "builder" with MS VC++ 10.0 (VS2010)

time: Wed Jun 20 19:11:02 2018
elapsed time: 58 seconds (0d 0h 0m 58s)

